<?xml version="1.0" encoding="UTF-8"?>
<!-- Generated by org.testng.reporters.JUnitReportReporter -->
<testsuite hostname="LMMUMLP0041" failures="0" tests="2" name="TestNG_Pac.CaseStudy1_1TestNGLogin" time="96.458" errors="0" timestamp="2024-01-30T11:08:01 IST" skipped="0">
  <testcase classname="TestNG_Pac.CaseStudy1_1TestNGLogin" name="f" time="52.338"/>
  <testcase classname="TestNG_Pac.CaseStudy1_1TestNGLogin" name="f" time="44.120"/>
</testsuite> <!-- TestNG_Pac.CaseStudy1_1TestNGLogin -->
