<?xml version="1.0" encoding="UTF-8"?>
<!-- Generated by org.testng.reporters.JUnitReportReporter -->
<testsuite hostname="LMMUMLP0041" failures="0" tests="1" name="TestNG_Pac.Lab8_TestNG" time="63.526" errors="0" timestamp="2024-01-24T10:29:04 IST" skipped="0">
  <testcase classname="TestNG_Pac.Lab8_TestNG" name="f" time="63.526"/>
</testsuite> <!-- TestNG_Pac.Lab8_TestNG -->
