<?xml version="1.0" encoding="UTF-8"?>
<!-- Generated by org.testng.reporters.JUnitReportReporter -->
<testsuite hostname="LMMUMLP0041" failures="0" tests="2" name="TestNG_Pac.CaseStudy1_TestNG_Registration" time="84.583" errors="0" timestamp="2024-01-30T11:05:33 IST" skipped="0">
  <testcase classname="TestNG_Pac.CaseStudy1_TestNG_Registration" name="f" time="41.149"/>
  <testcase classname="TestNG_Pac.CaseStudy1_TestNG_Registration" name="f" time="43.434"/>
</testsuite> <!-- TestNG_Pac.CaseStudy1_TestNG_Registration -->
