<?xml version="1.0" encoding="UTF-8"?>
<!-- Generated by org.testng.reporters.JUnitReportReporter -->
<testsuite hostname="LMMUMLP0041" failures="0" tests="1" name="TestNG_Pac.TC001_TestNGFirsttest" time="0.028" errors="0" timestamp="2024-01-22T13:33:06 IST" skipped="0">
  <testcase classname="TestNG_Pac.TC001_TestNGFirsttest" name="logintest" time="0.028"/>
</testsuite> <!-- TestNG_Pac.TC001_TestNGFirsttest -->
