<?xml version="1.0" encoding="UTF-8"?>
<!-- Generated by org.testng.reporters.JUnitReportReporter -->
<testsuite hostname="LMMUMLP0041" failures="0" tests="1" name="Selenium_Pac.TC014" time="0.066" errors="0" timestamp="2024-01-25T10:51:14 IST" skipped="0">
  <testcase classname="Selenium_Pac.TC014" name="test" time="0.066"/>
</testsuite> <!-- Selenium_Pac.TC014 -->
