<?xml version="1.0" encoding="UTF-8"?>
<!-- Generated by org.testng.reporters.JUnitReportReporter -->
<testsuite hostname="LMMUMLP0041" failures="0" tests="1" name="TestNG_Pac.Lab8_TestNG1" time="38.310" errors="0" timestamp="2024-01-22T20:37:44 IST" skipped="0">
  <testcase classname="TestNG_Pac.Lab8_TestNG1" name="f" time="38.310"/>
</testsuite> <!-- TestNG_Pac.Lab8_TestNG1 -->
