<?xml version="1.0" encoding="UTF-8"?>
<!-- Generated by org.testng.reporters.JUnitReportReporter -->
<testsuite hostname="LMMUMLP0041" failures="0" tests="3" name="TestNG_Pac.TC004_TestNGParameters" time="191.528" errors="0" timestamp="2024-01-24T16:36:06 IST" skipped="0">
  <testcase classname="TestNG_Pac.TC004_TestNGParameters" name="test1" time="64.083"/>
  <testcase classname="TestNG_Pac.TC004_TestNGParameters" name="test1" time="76.241"/>
  <testcase classname="TestNG_Pac.TC004_TestNGParameters" name="test1" time="51.204"/>
</testsuite> <!-- TestNG_Pac.TC004_TestNGParameters -->
