<?xml version="1.0" encoding="UTF-8"?>
<!-- Generated by org.testng.reporters.JUnitReportReporter -->
<testsuite hostname="LMMUMLP0041" failures="0" tests="2" name="TestNG_Pac.TC005_MultipleTest" time="0.037" errors="0" timestamp="2024-01-25T10:51:14 IST" skipped="0">
  <testcase classname="TestNG_Pac.TC005_MultipleTest" name="test2" time="0.010"/>
  <testcase classname="TestNG_Pac.TC005_MultipleTest" name="test3" time="0.027"/>
</testsuite> <!-- TestNG_Pac.TC005_MultipleTest -->
